<?xml version="1.0" encoding="UTF-8"?>
<testsuite name="com.pluralsight.jacket.test.JacketEntryServiceOnRepositoryTest" tests="1" skipped="0" failures="0" errors="0" timestamp="2015-11-18T19:12:12" hostname="Kevins-13-MacBook-Pro.local" time="0.158">
  <properties/>
  <testcase name="shouldReturnAllEntries" classname="com.pluralsight.jacket.test.JacketEntryServiceOnRepositoryTest" time="0.158"/>
  <system-out><![CDATA[]]></system-out>
  <system-err><![CDATA[]]></system-err>
</testsuite>
