<?xml version="1.0" encoding="UTF-8"?>
<testsuite name="com.pluralsight.jacket.test.EntryRepositoryTest" tests="1" skipped="0" failures="0" errors="0" timestamp="2015-11-18T19:12:19" hostname="Kevins-13-MacBook-Pro.local" time="0.186">
  <properties/>
  <testcase name="findEntryById" classname="com.pluralsight.jacket.test.EntryRepositoryTest" time="0.186"/>
  <system-out><![CDATA[19:12:15.348 [Test worker] DEBUG o.s.t.c.j.SpringJUnit4ClassRunner - SpringJUnit4ClassRunner constructor called with [class com.pluralsight.jacket.test.EntryRepositoryTest]
19:12:15.361 [Test worker] DEBUG o.s.test.context.BootstrapUtils - Instantiating CacheAwareContextLoaderDelegate from class [org.springframework.test.context.cache.DefaultCacheAwareContextLoaderDelegate]
19:12:15.368 [Test worker] DEBUG o.s.test.context.BootstrapUtils - Instantiating BootstrapContext using constructor [public org.springframework.test.context.support.DefaultBootstrapContext(java.lang.Class,org.springframework.test.context.CacheAwareContextLoaderDelegate)]
19:12:15.374 [Test worker] DEBUG o.s.test.context.BootstrapUtils - Instantiating TestContextBootstrapper for test class [com.pluralsight.jacket.test.EntryRepositoryTest] from class [org.springframework.test.context.support.DefaultTestContextBootstrapper]
19:12:15.396 [Test worker] DEBUG o.s.t.c.s.DefaultTestContextBootstrapper - Found explicit ContextLoader class [org.springframework.boot.test.SpringApplicationContextLoader] for context configuration attributes [ContextConfigurationAttributes@7d58d0c9 declaringClass = 'com.pluralsight.repository.AbstractTest', classes = '{class com.pluralsight.repository.ApplicationConfiguration}', locations = '{}', inheritLocations = true, initializers = '{}', inheritInitializers = true, name = [null], contextLoaderClass = 'org.springframework.boot.test.SpringApplicationContextLoader']
19:12:15.402 [Test worker] DEBUG o.s.t.c.support.ActiveProfilesUtils - Could not find an 'annotation declaring class' for annotation type [org.springframework.test.context.ActiveProfiles] and class [com.pluralsight.jacket.test.EntryRepositoryTest]
19:12:15.405 [Test worker] DEBUG o.s.t.c.s.DefaultTestContextBootstrapper - @TestExecutionListeners is not present for class [com.pluralsight.jacket.test.EntryRepositoryTest]: using defaults.
19:12:15.414 [Test worker] INFO  o.s.t.c.s.DefaultTestContextBootstrapper - Loaded default TestExecutionListener class names from location [META-INF/spring.factories]: [org.springframework.test.context.web.ServletTestExecutionListener, org.springframework.test.context.support.DirtiesContextBeforeModesTestExecutionListener, org.springframework.test.context.support.DependencyInjectionTestExecutionListener, org.springframework.test.context.support.DirtiesContextTestExecutionListener, org.springframework.test.context.transaction.TransactionalTestExecutionListener, org.springframework.test.context.jdbc.SqlScriptsTestExecutionListener]
19:12:15.425 [Test worker] INFO  o.s.t.c.s.DefaultTestContextBootstrapper - Could not instantiate TestExecutionListener [org.springframework.test.context.web.ServletTestExecutionListener]. Specify custom listener classes or make the default listener classes (and their required dependencies) available. Offending class: [javax/servlet/ServletContext]
19:12:15.427 [Test worker] INFO  o.s.t.c.s.DefaultTestContextBootstrapper - Using TestExecutionListeners: [org.springframework.test.context.support.DirtiesContextBeforeModesTestExecutionListener@23ee7b62, org.springframework.test.context.support.DependencyInjectionTestExecutionListener@14f2c1de, org.springframework.test.context.support.DirtiesContextTestExecutionListener@25c833d4, org.springframework.test.context.transaction.TransactionalTestExecutionListener@597bd50f, org.springframework.test.context.jdbc.SqlScriptsTestExecutionListener@99e8029]
19:12:15.432 [Test worker] DEBUG o.s.t.annotation.ProfileValueUtils - Retrieved @ProfileValueSourceConfiguration [null] for test class [com.pluralsight.jacket.test.EntryRepositoryTest]
19:12:15.433 [Test worker] DEBUG o.s.t.annotation.ProfileValueUtils - Retrieved ProfileValueSource type [class org.springframework.test.annotation.SystemProfileValueSource] for class [com.pluralsight.jacket.test.EntryRepositoryTest]
19:12:15.434 [Test worker] DEBUG o.s.t.annotation.ProfileValueUtils - Retrieved @ProfileValueSourceConfiguration [null] for test class [com.pluralsight.jacket.test.EntryRepositoryTest]
19:12:15.434 [Test worker] DEBUG o.s.t.annotation.ProfileValueUtils - Retrieved ProfileValueSource type [class org.springframework.test.annotation.SystemProfileValueSource] for class [com.pluralsight.jacket.test.EntryRepositoryTest]
19:12:15.438 [Test worker] DEBUG o.s.t.c.s.AbstractDirtiesContextTestExecutionListener - Before test class: context [DefaultTestContext@4929d08d testClass = EntryRepositoryTest, testInstance = [null], testMethod = [null], testException = [null], mergedContextConfiguration = [MergedContextConfiguration@32337a5f testClass = EntryRepositoryTest, locations = '{}', classes = '{class com.pluralsight.repository.ApplicationConfiguration}', contextInitializerClasses = '[]', activeProfiles = '{}', propertySourceLocations = '{}', propertySourceProperties = '{}', contextLoader = 'org.springframework.boot.test.SpringApplicationContextLoader', parent = [null]]], class annotated with @DirtiesContext [false] with mode [null].
19:12:15.439 [Test worker] DEBUG o.s.t.annotation.ProfileValueUtils - Retrieved @ProfileValueSourceConfiguration [null] for test class [com.pluralsight.jacket.test.EntryRepositoryTest]
19:12:15.439 [Test worker] DEBUG o.s.t.annotation.ProfileValueUtils - Retrieved ProfileValueSource type [class org.springframework.test.annotation.SystemProfileValueSource] for class [com.pluralsight.jacket.test.EntryRepositoryTest]
19:12:15.441 [Test worker] DEBUG o.s.t.c.s.DependencyInjectionTestExecutionListener - Performing dependency injection for test context [[DefaultTestContext@4929d08d testClass = EntryRepositoryTest, testInstance = com.pluralsight.jacket.test.EntryRepositoryTest@44882f2, testMethod = [null], testException = [null], mergedContextConfiguration = [MergedContextConfiguration@32337a5f testClass = EntryRepositoryTest, locations = '{}', classes = '{class com.pluralsight.repository.ApplicationConfiguration}', contextInitializerClasses = '[]', activeProfiles = '{}', propertySourceLocations = '{}', propertySourceProperties = '{}', contextLoader = 'org.springframework.boot.test.SpringApplicationContextLoader', parent = [null]]]].
19:12:15.520 [Test worker] DEBUG o.s.core.env.StandardEnvironment - Adding [systemProperties] PropertySource with lowest search precedence
19:12:15.522 [Test worker] DEBUG o.s.core.env.StandardEnvironment - Adding [systemEnvironment] PropertySource with lowest search precedence
19:12:15.522 [Test worker] DEBUG o.s.core.env.StandardEnvironment - Initialized StandardEnvironment with PropertySources [systemProperties,systemEnvironment]
19:12:15.524 [Test worker] DEBUG o.s.core.env.StandardEnvironment - Adding [integrationTest] PropertySource with search precedence immediately lower than [systemEnvironment]

  .   ____          _            __ _ _
 /\\ / ___'_ __ _ _(_)_ __  __ _ \ \ \ \
( ( )\___ | '_ | '_| | '_ \/ _` | \ \ \ \
 \\/  ___)| |_)| | | | | || (_| |  ) ) ) )
  '  |____| .__|_| |_|_| |_\__, | / / / /
 =========|_|==============|___/=/_/_/_/
 :: Spring Boot ::             (v1.3.0.M5)

2015-11-18 19:12:15.859  INFO 31917 --- [    Test worker] c.p.jacket.test.EntryRepositoryTest      : Starting EntryRepositoryTest on Kevins-13-MacBook-Pro.local with PID 31917 (/Users/kevinj/Dropbox/projects/Jacket/JacketEntries/build/classes/integrationTest started by kevinj in /Users/kevinj/Dropbox/projects/Jacket/JacketEntries)
2015-11-18 19:12:15.939  INFO 31917 --- [    Test worker] s.c.a.AnnotationConfigApplicationContext : Refreshing org.springframework.context.annotation.AnnotationConfigApplicationContext@56b0d7a: startup date [Wed Nov 18 19:12:15 GMT 2015]; root of context hierarchy
2015-11-18 19:12:17.203  INFO 31917 --- [    Test worker] f.a.AutowiredAnnotationBeanPostProcessor : JSR-330 'javax.inject.Inject' annotation found and supported for autowiring
2015-11-18 19:12:17.378  INFO 31917 --- [    Test worker] trationDelegate$BeanPostProcessorChecker : Bean 'applicationConfiguration' of type [class com.pluralsight.repository.ApplicationConfiguration$$EnhancerBySpringCGLIB$$be9b5251] is not eligible for getting processed by all BeanPostProcessors (for example: not eligible for auto-proxying)
2015-11-18 19:12:17.508  INFO 31917 --- [    Test worker] o.s.j.d.DriverManagerDataSource          : Loaded JDBC driver: com.mysql.jdbc.Driver
2015-11-18 19:12:17.680  INFO 31917 --- [    Test worker] j.LocalContainerEntityManagerFactoryBean : Building JPA container EntityManagerFactory for persistence unit 'jacket'
2015-11-18 19:12:17.703  INFO 31917 --- [    Test worker] o.hibernate.jpa.internal.util.LogHelper  : HHH000204: Processing PersistenceUnitInfo [
	name: jacket
	...]
2015-11-18 19:12:17.791  INFO 31917 --- [    Test worker] org.hibernate.Version                    : HHH000412: Hibernate Core {4.3.11.Final}
2015-11-18 19:12:17.794  INFO 31917 --- [    Test worker] org.hibernate.cfg.Environment            : HHH000206: hibernate.properties not found
2015-11-18 19:12:17.799  INFO 31917 --- [    Test worker] org.hibernate.cfg.Environment            : HHH000021: Bytecode provider name : javassist
2015-11-18 19:12:18.047  INFO 31917 --- [    Test worker] o.hibernate.annotations.common.Version   : HCANN000001: Hibernate Commons Annotations {4.0.5.Final}
2015-11-18 19:12:18.422  INFO 31917 --- [    Test worker] org.hibernate.dialect.Dialect            : HHH000400: Using dialect: org.hibernate.dialect.MySQL5Dialect
2015-11-18 19:12:18.564  INFO 31917 --- [    Test worker] o.h.h.i.ast.ASTQueryTranslatorFactory    : HHH000397: Using ASTQueryTranslatorFactory
2015-11-18 19:12:18.987  INFO 31917 --- [    Test worker] o.s.jdbc.datasource.init.ScriptUtils     : Executing SQL script from URL [file:/Users/kevinj/Dropbox/projects/Jacket/JacketRepository/build/resources/integrationTest/data.sql]
2015-11-18 19:12:18.994  INFO 31917 --- [    Test worker] o.s.jdbc.datasource.init.ScriptUtils     : Executed SQL script from URL [file:/Users/kevinj/Dropbox/projects/Jacket/JacketRepository/build/resources/integrationTest/data.sql] in 6 ms.
2015-11-18 19:12:19.594  INFO 31917 --- [    Test worker] c.p.jacket.test.EntryRepositoryTest      : Started EntryRepositoryTest in 4.067 seconds (JVM running for 5.374)
2015-11-18 19:12:19.638  INFO 31917 --- [    Test worker] o.s.t.c.transaction.TransactionContext   : Began transaction (1) for test context [DefaultTestContext@4929d08d testClass = EntryRepositoryTest, testInstance = com.pluralsight.jacket.test.EntryRepositoryTest@44882f2, testMethod = findEntryById@EntryRepositoryTest, testException = [null], mergedContextConfiguration = [MergedContextConfiguration@32337a5f testClass = EntryRepositoryTest, locations = '{}', classes = '{class com.pluralsight.repository.ApplicationConfiguration}', contextInitializerClasses = '[]', activeProfiles = '{}', propertySourceLocations = '{}', propertySourceProperties = '{}', contextLoader = 'org.springframework.boot.test.SpringApplicationContextLoader', parent = [null]]]; transaction manager [org.springframework.orm.jpa.JpaTransactionManager@226f9e9d]; rollback [true]
2015-11-18 19:12:19.649  INFO 31917 --- [    Test worker] o.s.jdbc.datasource.init.ScriptUtils     : Executing SQL script from class path resource [data.sql]
2015-11-18 19:12:19.652  INFO 31917 --- [    Test worker] o.s.jdbc.datasource.init.ScriptUtils     : Executed SQL script from class path resource [data.sql] in 3 ms.
2015-11-18 19:12:19.808  INFO 31917 --- [    Test worker] o.s.t.c.transaction.TransactionContext   : Rolled back transaction for test context [DefaultTestContext@4929d08d testClass = EntryRepositoryTest, testInstance = com.pluralsight.jacket.test.EntryRepositoryTest@44882f2, testMethod = findEntryById@EntryRepositoryTest, testException = [null], mergedContextConfiguration = [MergedContextConfiguration@32337a5f testClass = EntryRepositoryTest, locations = '{}', classes = '{class com.pluralsight.repository.ApplicationConfiguration}', contextInitializerClasses = '[]', activeProfiles = '{}', propertySourceLocations = '{}', propertySourceProperties = '{}', contextLoader = 'org.springframework.boot.test.SpringApplicationContextLoader', parent = [null]]].
]]></system-out>
  <system-err><![CDATA[]]></system-err>
</testsuite>
